  [05/06/18 14:53:04] Processing nucleo_f429zi (platform: ststm32; board: nucleo_f429zi; framework: mbed; build_flags: -DPIO_FRAMEWORK_MBED_RTOS_PRESENT -DMAIN_BOT -DF429ZI)
  
  PLATFORM: ST STM32 > ST Nucleo F429ZI
  SYSTEM: STM32F429ZIT6 180MHz 256KB RAM (2MB Flash)
  DEBUG: CURRENT(stlink-v2-1) ON-BOARD(stlink-v2-1) EXTERNAL(blackmagic)
  Library Dependency Finder -> http://bit.ly/configure-pio-ldf
  LDF MODES: FINDER(chain) COMPATIBILITY(light)
  Collected 20 compatible libraries
  Scanning dependencies...
  Dependency Graph
  |-- <mbed-rtos> (C:\SPB_Data\.platformio\packages\framework-mbed\rtos)
  arm-none-eabi-g++ -o .pioenvs\nucleo_f429zi\src\Motors.o -c -std=gnu++98 -fno-rtti -Wvla -mcpu=cortex-m4 -mthumb -mfpu=fpv4-sp-d16 -mfloat-abi=softfp -c -Wall -Wextra -Wno-unused-parameter -Wno-missing-field-initializers -fmessage-length=0 -fno-exceptions -fno-builtin -ffunction-sections -fdata-sections -funsigned-char -MMD -fno-delete-null-pointer-checks -fomit-frame-pointer -Os -DNDEBUG -include mbed_config.h -DTARGET_STM32F429xx -DDEVICE_SPISLAVE=1 -DFEATURE_LWIP=1 -D__MBED__=1 -DDEVICE_I2CSLAVE=1 -D__FPU_PRESENT=1 -DTRANSACTION_QUEUE_SIZE_SPI=2 -DUSBHOST_OTHER -DDEVICE_PORTINOUT=1 -DTARGET_RTOS_M4_M7 -DTARGET_NUCLEO_F429ZI -DDEVICE_LOWPOWERTIMER=1 -DDEVICE_RTC=1 -DTOOLCHAIN_object -DTARGET_STM32F4 -D__CMSIS_RTOS -DTARGET_FF_ARDUINO -DTOOLCHAIN_GCC -DDEVICE_CAN=1 -DTARGET_CORTEX_M -DDEVICE_I2C_ASYNCH=1 -DTARGET_LIKE_CORTEX_M4 -DDEVICE_ANALOGOUT=1 -DTARGET_M4 -DTARGET_UVISOR_UNSUPPORTED -DDEVICE_PORTOUT=1 -DDEVICE_SPI_ASYNCH=1 -DDEVICE_PWMOUT=1 -DDEVICE_INTERRUPTIN=1 -DTARGET_CORTEX -DDEVICE_I2C=1 -DTARGET_STM32F429 -D__CORTEX_M4 -DDEVICE_STDIO_MESSAGES=1 -DTARGET_FAMILY_STM32 -DDEVICE_SLEEP=1 -DDEVICE_PORTIN=1 -DTARGET_RELEASE -DTARGET_STM -DDEVICE_SERIAL_FC=1 -DDEVICE_TRNG=1 -DTARGET_LIKE_MBED -DTARGET_STM32F429ZI -D__MBED_CMSIS_RTOS_CM -DMBED_BUILD_TIMESTAMP=1514051474.05 -DTOOLCHAIN_GCC_ARM -DDEVICE_SPI=1 -DUSB_STM_HAL -DTARGET_STM32F429xI -DDEVICE_ANALOGIN=1 -DDEVICE_SERIAL=1 -DDEVICE_FLASH=1 -DARM_MATH_CM4 -DSTM32F429xx -DPIO_FRAMEWORK_MBED_RTOS_PRESENT -DMAIN_BOT -DF429ZI -DMBED_CONF_RTOS_PRESENT -DPLATFORMIO=30502 -IC:\SPB_Data\.platformio\packages\framework-mbed -IC:\SPB_Data\.platformio\packages\framework-mbed\cmsis -IC:\SPB_Data\.platformio\packages\framework-mbed\cmsis\TARGET_CORTEX_M -IC:\SPB_Data\.platformio\packages\framework-mbed\drivers -IC:\SPB_Data\.platformio\packages\framework-mbed\hal -IC:\SPB_Data\.platformio\packages\framework-mbed\hal\storage_abstraction -IC:\SPB_Data\.platformio\packages\framework-mbed\platform -IC:\SPB_Data\.platformio\packages\framework-mbed\targets -IC:\SPB_Data\.platformio\packages\framework-mbed\targets\TARGET_STM -IC:\SPB_Data\.platformio\packages\framework-mbed\targets\TARGET_STM\TARGET_STM32F4 -IC:\SPB_Data\.platformio\packages\framework-mbed\targets\TARGET_STM\TARGET_STM32F4\device -IC:\SPB_Data\.platformio\packages\framework-mbed\targets\TARGET_STM\TARGET_STM32F4\TARGET_STM32F429xI -IC:\SPB_Data\.platformio\packages\framework-mbed\targets\TARGET_STM\TARGET_STM32F4\TARGET_STM32F429xI\device -IC:\SPB_Data\.platformio\packages\framework-mbed\targets\TARGET_STM\TARGET_STM32F4\TARGET_STM32F429xI\device\TOOLCHAIN_GCC_ARM -IC:\SPB_Data\.platformio\packages\framework-mbed\targets\TARGET_STM\TARGET_STM32F4\TARGET_STM32F429xI\TARGET_NUCLEO_F429ZI -IC:\SPB_Data\.platformio\packages\framework-mbed -IC:\SPB_Data\.platformio\packages\framework-mbed\platformio\variants\NUCLEO_F429ZI -IC:\SPB_Data\.platformio\packages\framework-mbed\rtos -IC:\SPB_Data\.platformio\packages\framework-mbed\rtos\TARGET_CORTEX -IC:\SPB_Data\.platformio\packages\framework-mbed\rtos\TARGET_CORTEX\rtx4 -IC:\SPB_Data\.platformio\packages\framework-mbed\rtos\TARGET_CORTEX\rtx5 -IC:\SPB_Data\.platformio\packages\framework-mbed\rtos\TARGET_CORTEX\rtx5\Include -IC:\SPB_Data\.platformio\packages\framework-mbed\rtos\TARGET_CORTEX\rtx5\RTX -IC:\SPB_Data\.platformio\packages\framework-mbed\rtos\TARGET_CORTEX\rtx5\RTX\Config -IC:\SPB_Data\.platformio\packages\framework-mbed\rtos\TARGET_CORTEX\rtx5\RTX\Include -IC:\SPB_Data\.platformio\packages\framework-mbed\rtos\TARGET_CORTEX\rtx5\RTX\Source -IC:\SPB_Data\.platformio\packages\framework-mbed\rtos\TARGET_CORTEX\rtx5\RTX\Source\TOOLCHAIN_GCC -IC:\SPB_Data\.platformio\packages\framework-mbed\rtos\TARGET_CORTEX\rtx5\RTX\Source\TOOLCHAIN_GCC\TARGET_RTOS_M4_M7 -IC:\SPB_Data\.platformio\packages\framework-mbed\rtos\TARGET_CORTEX\rtx5\Source -Isrc -IC:\SPB_Data\.platformio\packages\framework-mbed\rtos -IC:\SPB_Data\.platformio\packages\framework-mbed\rtos\TARGET_CORTEX\rtx4 -IC:\SPB_Data\.platformio\packages\framework-mbed\rtos\TARGET_CORTEX\rtx5 -IC:\SPB_Data\.platformio\packages\framework-mbed\rtos\TARGET_CORTEX\rtx5\Include -IC:\SPB_Data\.platformio\packages\framework-mbed\rtos\TARGET_CORTEX\rtx5\RTX -IC:\SPB_Data\.platformio\packages\framework-mbed\rtos\TARGET_CORTEX\rtx5\RTX\Config -IC:\SPB_Data\.platformio\packages\framework-mbed\rtos\TARGET_CORTEX\rtx5\RTX\Include -IC:\SPB_Data\.platformio\packages\framework-mbed\rtos\TARGET_CORTEX\rtx5\RTX\Source -IC:\SPB_Data\.platformio\packages\framework-mbed\rtos\TARGET_CORTEX\rtx5\RTX\Source\TOOLCHAIN_GCC -IC:\SPB_Data\.platformio\packages\framework-mbed\rtos\TARGET_CORTEX\rtx5\RTX\Source\TOOLCHAIN_GCC\TARGET_RTOS_M4_M7 -IC:\SPB_Data\.platformio\packages\framework-mbed\rtos\TARGET_CORTEX\rtx5\Source src\Motors.cpp
  In file included from src\Motors.hpp:5:0,
  from src\Motors.cpp:1:
  src\REGU_CST.hpp:17:57: note: #pragma message: Using main bot regulator coefficients
  #pragma message("Using main bot regulator coefficients")
  ^
  src\Motors.cpp: In member function 'void Motors::routine()':
  src\Motors.cpp:152:9: warning: unused variable 'Ddist_inter' [-Wunused-variable]
  float Ddist_inter = sqrt(Dx_inter*Dx_inter + Dy_inter*Dy_inter);
  ^~~~~~~~~~~
  arm-none-eabi-g++ -o .pioenvs\nucleo_f429zi\firmware.elf -mcpu=cortex-m4 -mthumb -mfpu=fpv4-sp-d16 -mfloat-abi=softfp -Wl,--gc-sections -Wl,--wrap,main -Wl,--wrap,_malloc_r -Wl,--wrap,_free_r -Wl,--wrap,_realloc_r -Wl,--wrap,_memalign_r -Wl,--wrap,_calloc_r -Wl,--wrap,exit -Wl,--wrap,atexit -Wl,-n -Wl,-T".pioenvs\nucleo_f429zi\STM32F429xI.ld.link_script.ld" @"C:\Users\Biscuit\Google Drive\ENSEIRB\EIRBOT\COUPE 2018\Software\Nucleo\.pioenvs\nucleo_f429zi\longcmd-ab26194cc4981ce19fd19cfb4cf0db8b" -LC:\SPB_Data\.platformio\platforms\ststm32\ldscripts -L.pioenvs\nucleo_f429zi -Wl,--start-group -lstdc++ -lsupc++ -lm -lc -lgcc -lnosys -lc -lstdc++ -Wl,--end-group
  Checking program size
  text	   data	    bss	    dec	    hex	filename
  78004	   2688	  64940	 145632	  238e0	.pioenvs\nucleo_f429zi\firmware.elf
  arm-none-eabi-objcopy -O binary .pioenvs\nucleo_f429zi\firmware.elf .pioenvs\nucleo_f429zi\firmware.bin
  Configuring upload protocol...
  MethodWrapper(["upload"], [".pioenvs\nucleo_f429zi\firmware.bin"])
  Use manually specified: E:/
  MethodWrapper(["upload"], [".pioenvs\nucleo_f429zi\firmware.bin"])
  Firmware has been successfully uploaded.
  (Some boards may require manual hard reset)
   [SUCCESS] Took 9.92 seconds 
  
  
   [SUMMARY] 
  Environment nucleo_f429zi	[SUCCESS]
  Environment nucleo_f767zi	[SKIP]
  Environment nucleo_f446re	[SKIP]
   [SUCCESS] Took 9.92 seconds 
