  [01/24/18 19:07:37] Processing nucleo_f429zi (platform: ststm32; board: nucleo_f429zi; framework: mbed)
  
  Verbose mode can be enabled via `-v, --verbose` option
  Collected 22 compatible libraries
  Looking for dependencies...
  No dependencies
  Compiling .pioenvs\nucleo_f429zi\src\Motors.o
  src\Motors.cpp: In member function 'void Motors::routine()':
  src\Motors.cpp:118:53: warning: 'epsilon_ang' may be used uninitialized in this function [-Wmaybe-uninitialized]
  tab_push(epsilon_ang, ang_err, TAILLE_TABLEAUX_ANG);
  ^
  src\Motors.cpp:110:53: warning: 'epsilon_pos' may be used uninitialized in this function [-Wmaybe-uninitialized]
  tab_push(epsilon_pos, pos_err, TAILLE_TABLEAUX_POS);
  ^
  Linking .pioenvs\nucleo_f429zi\firmware.elf
  Checking program size
  text	   data	    bss	    dec	    hex	filename
  68304	   2544	  58988	 129836	  1fb2c	.pioenvs\nucleo_f429zi\firmware.elf
  Building .pioenvs\nucleo_f429zi\firmware.bin
  Looking for upload disk...
  Use manually specified: E:/
  Uploading .pioenvs\nucleo_f429zi\firmware.bin
  Firmware has been successfully uploaded.
  (Some boards may require manual hard reset)
   [SUCCESS] Took 9.19 seconds 
